<?xml version="1.0" encoding="UTF-8"?>
<!-- Generated by org.testng.reporters.JUnitXMLReporter -->
<testsuite hostname="DESKTOP-QS2AGGF" name="Sandbox Ontrack CRM Test Cases" tests="2" failures="0" timestamp="16 Nov 2019 10:15:07 GMT" time="38.944" errors="0">
  <testcase name="LoginPageTitleTest" time="0.015" classname="in.sandbox.ontrack.testcases.LoginPageTest"/>
  <testcase name="LoginTest" time="9.599" classname="in.sandbox.ontrack.testcases.LoginPageTest"/>
</testsuite> <!-- Sandbox Ontrack CRM Test Cases -->
