<?xml version="1.0" encoding="UTF-8"?>
<testng-results skipped="0" failed="0" total="1" passed="1">
  <reporter-output>
  </reporter-output>
  <suite name="Default suite" duration-ms="29585" started-at="2020-05-07T05:42:54Z" finished-at="2020-05-07T05:43:24Z">
    <groups>
    </groups>
    <test name="Default test" duration-ms="29585" started-at="2020-05-07T05:42:54Z" finished-at="2020-05-07T05:43:24Z">
      <class name="in.sandbox.ontrack.testcases.classesMasterCalendarTest">
        <test-method status="PASS" signature="Setup()[pri:0, instance:in.sandbox.ontrack.testcases.classesMasterCalendarTest@6bdf28bb]" name="Setup" is-config="true" duration-ms="24307" started-at="2020-05-07T11:12:54Z" finished-at="2020-05-07T11:13:19Z">
          <reporter-output>
          </reporter-output>
        </test-method> <!-- Setup -->
        <test-method status="PASS" signature="AddClassTest()[pri:0, instance:in.sandbox.ontrack.testcases.classesMasterCalendarTest@6bdf28bb]" name="AddClassTest" duration-ms="5267" started-at="2020-05-07T11:13:19Z" finished-at="2020-05-07T11:13:24Z">
          <reporter-output>
          </reporter-output>
        </test-method> <!-- AddClassTest -->
      </class> <!-- in.sandbox.ontrack.testcases.classesMasterCalendarTest -->
    </test> <!-- Default test -->
  </suite> <!-- Default suite -->
</testng-results>
